Determining if the pthread_create exist failed with the following output:
Change Dir: /home/luke/Projects/MP2_Project/corr/build/CMakeFiles/CMakeTmp

Run Build Command:"/usr/bin/make" "cmTC_fc0ac/fast"
/usr/bin/make -f CMakeFiles/cmTC_fc0ac.dir/build.make CMakeFiles/cmTC_fc0ac.dir/build
make[1]: Entering directory '/home/luke/Projects/MP2_Project/corr/build/CMakeFiles/CMakeTmp'
Building C object CMakeFiles/cmTC_fc0ac.dir/CheckSymbolExists.c.o
/usr/bin/cc    -o CMakeFiles/cmTC_fc0ac.dir/CheckSymbolExists.c.o   -c /home/luke/Projects/MP2_Project/corr/build/CMakeFiles/CMakeTmp/CheckSymbolExists.c
Linking C executable cmTC_fc0ac
/usr/bin/cmake -E cmake_link_script CMakeFiles/cmTC_fc0ac.dir/link.txt --verbose=1
/usr/bin/cc      CMakeFiles/cmTC_fc0ac.dir/CheckSymbolExists.c.o  -o cmTC_fc0ac 
CMakeFiles/cmTC_fc0ac.dir/CheckSymbolExists.c.o: In function `main':
CheckSymbolExists.c:(.text+0x1b): undefined reference to `pthread_create'
collect2: error: ld returned 1 exit status
make[1]: *** [CMakeFiles/cmTC_fc0ac.dir/build.make:98: cmTC_fc0ac] Error 1
make[1]: Leaving directory '/home/luke/Projects/MP2_Project/corr/build/CMakeFiles/CMakeTmp'
make: *** [Makefile:126: cmTC_fc0ac/fast] Error 2

File /home/luke/Projects/MP2_Project/corr/build/CMakeFiles/CMakeTmp/CheckSymbolExists.c:
/* */
#include <pthread.h>

int main(int argc, char** argv)
{
  (void)argv;
#ifndef pthread_create
  return ((int*)(&pthread_create))[argc];
#else
  (void)argc;
  return 0;
#endif
}

Determining if the function pthread_create exists in the pthreads failed with the following output:
Change Dir: /home/luke/Projects/MP2_Project/corr/build/CMakeFiles/CMakeTmp

Run Build Command:"/usr/bin/make" "cmTC_c7b3d/fast"
/usr/bin/make -f CMakeFiles/cmTC_c7b3d.dir/build.make CMakeFiles/cmTC_c7b3d.dir/build
make[1]: Entering directory '/home/luke/Projects/MP2_Project/corr/build/CMakeFiles/CMakeTmp'
Building C object CMakeFiles/cmTC_c7b3d.dir/CheckFunctionExists.c.o
/usr/bin/cc   -DCHECK_FUNCTION_EXISTS=pthread_create   -o CMakeFiles/cmTC_c7b3d.dir/CheckFunctionExists.c.o   -c /usr/share/cmake-3.9/Modules/CheckFunctionExists.c
Linking C executable cmTC_c7b3d
/usr/bin/cmake -E cmake_link_script CMakeFiles/cmTC_c7b3d.dir/link.txt --verbose=1
/usr/bin/cc  -DCHECK_FUNCTION_EXISTS=pthread_create    CMakeFiles/cmTC_c7b3d.dir/CheckFunctionExists.c.o  -o cmTC_c7b3d -lpthreads 
/usr/bin/ld: cannot find -lpthreads
collect2: error: ld returned 1 exit status
make[1]: *** [CMakeFiles/cmTC_c7b3d.dir/build.make:98: cmTC_c7b3d] Error 1
make[1]: Leaving directory '/home/luke/Projects/MP2_Project/corr/build/CMakeFiles/CMakeTmp'
make: *** [Makefile:126: cmTC_c7b3d/fast] Error 2


